# JRE version: Java(TM) SE Runtime Environment (8.0_271-b09) (build 1.8.0_271-b09)
# Java VM: Java HotSpot(TM) 64-Bit Server VM (25.271-b09 mixed mode windows-amd64 compressed oops)
Heap:
 PSYoungGen      total 120320K, used 104701K [0x000000076ed00000, 0x000000077c280000, 0x00000007c0000000)
  eden space 110592K, 85% used [0x000000076ed00000,0x00000007749c33d0,0x0000000775900000)
  from space 9728K, 99% used [0x0000000775900000,0x000000077627c3a8,0x0000000776280000)
  to   space 11264K, 0% used [0x000000077b780000,0x000000077b780000,0x000000077c280000)
 ParOldGen       total 80896K, used 7535K [0x00000006cc600000, 0x00000006d1500000, 0x000000076ed00000)
  object space 80896K, 9% used [0x00000006cc600000,0x00000006ccd5bd90,0x00000006d1500000)
 Metaspace       used 34144K, capacity 35388K, committed 35496K, reserved 1079296K
  class space    used 4559K, capacity 4818K, committed 4864K, reserved 1048576K
GC Heap History (10 events):
Event: 7.827 GC heap before
{Heap before GC invocations=4 (full 0):
 PSYoungGen      total 72704K, used 36704K [0x000000076ed00000, 0x0000000773e00000, 0x00000007c0000000)
  eden space 62464K, 45% used [0x000000076ed00000,0x000000077087b200,0x0000000772a00000)
  from space 10240K, 83% used [0x0000000772a00000,0x000000077325d188,0x0000000773400000)
  to   space 10240K, 0% used [0x0000000773400000,0x0000000773400000,0x0000000773e00000)
 ParOldGen       total 166912K, used 32K [0x00000006cc600000, 0x00000006d6900000, 0x000000076ed00000)
  object space 166912K, 0% used [0x00000006cc600000,0x00000006cc608000,0x00000006d6900000)
 Metaspace       used 20550K, capacity 21246K, committed 21296K, reserved 1067008K
  class space    used 2727K, capacity 2939K, committed 2944K, reserved 1048576K
Event: 7.833 GC heap after
Heap after GC invocations=4 (full 0):
 PSYoungGen      total 72704K, used 7020K [0x000000076ed00000, 0x0000000777b00000, 0x00000007c0000000)
  eden space 62464K, 0% used [0x000000076ed00000,0x000000076ed00000,0x0000000772a00000)
  from space 10240K, 68% used [0x0000000773400000,0x0000000773adb310,0x0000000773e00000)
  to   space 10240K, 0% used [0x0000000772a00000,0x0000000772a00000,0x0000000773400000)
 ParOldGen       total 166912K, used 40K [0x00000006cc600000, 0x00000006d6900000, 0x000000076ed00000)
  object space 166912K, 0% used [0x00000006cc600000,0x00000006cc60a000,0x00000006d6900000)
 Metaspace       used 20550K, capacity 21246K, committed 21296K, reserved 1067008K
  class space    used 2727K, capacity 2939K, committed 2944K, reserved 1048576K
}
Event: 7.833 GC heap before
{Heap before GC invocations=5 (full 1):
 PSYoungGen      total 72704K, used 7020K [0x000000076ed00000, 0x0000000777b00000, 0x00000007c0000000)
  eden space 62464K, 0% used [0x000000076ed00000,0x000000076ed00000,0x0000000772a00000)
  from space 10240K, 68% used [0x0000000773400000,0x0000000773adb310,0x0000000773e00000)
  to   space 10240K, 0% used [0x0000000772a00000,0x0000000772a00000,0x0000000773400000)
 ParOldGen       total 166912K, used 40K [0x00000006cc600000, 0x00000006d6900000, 0x000000076ed00000)
  object space 166912K, 0% used [0x00000006cc600000,0x00000006cc60a000,0x00000006d6900000)
 Metaspace       used 20550K, capacity 21246K, committed 21296K, reserved 1067008K
  class space    used 2727K, capacity 2939K, committed 2944K, reserved 1048576K
Event: 7.854 GC heap after
Heap after GC invocations=5 (full 1):
 PSYoungGen      total 72704K, used 0K [0x000000076ed00000, 0x0000000777b00000, 0x00000007c0000000)
  eden space 62464K, 0% used [0x000000076ed00000,0x000000076ed00000,0x0000000772a00000)
  from space 10240K, 0% used [0x0000000773400000,0x0000000773400000,0x0000000773e00000)
  to   space 10240K, 0% used [0x0000000772a00000,0x0000000772a00000,0x0000000773400000)
 ParOldGen       total 80896K, used 6675K [0x00000006cc600000, 0x00000006d1500000, 0x000000076ed00000)
  object space 80896K, 8% used [0x00000006cc600000,0x00000006ccc84c48,0x00000006d1500000)
 Metaspace       used 20548K, capacity 21240K, committed 21296K, reserved 1067008K
  class space    used 2726K, capacity 2938K, committed 2944K, reserved 1048576K
}
Event: 8.449 GC heap before
{Heap before GC invocations=6 (full 1):
 PSYoungGen      total 72704K, used 62464K [0x000000076ed00000, 0x0000000777b00000, 0x00000007c0000000)
  eden space 62464K, 100% used [0x000000076ed00000,0x0000000772a00000,0x0000000772a00000)
  from space 10240K, 0% used [0x0000000773400000,0x0000000773400000,0x0000000773e00000)
  to   space 10240K, 0% used [0x0000000772a00000,0x0000000772a00000,0x0000000773400000)
 ParOldGen       total 80896K, used 6675K [0x00000006cc600000, 0x00000006d1500000, 0x000000076ed00000)
  object space 80896K, 8% used [0x00000006cc600000,0x00000006ccc84c48,0x00000006d1500000)
 Metaspace       used 24455K, capacity 25286K, committed 25600K, reserved 1071104K
  class space    used 3262K, capacity 3469K, committed 3584K, reserved 1048576K
Event: 8.453 GC heap after
Heap after GC invocations=6 (full 1):
 PSYoungGen      total 72704K, used 4232K [0x000000076ed00000, 0x0000000776e80000, 0x00000007c0000000)
  eden space 62464K, 0% used [0x000000076ed00000,0x000000076ed00000,0x0000000772a00000)
  from space 10240K, 41% used [0x0000000772a00000,0x0000000772e22208,0x0000000773400000)
  to   space 9728K, 0% used [0x0000000776500000,0x0000000776500000,0x0000000776e80000)
 ParOldGen       total 80896K, used 6747K [0x00000006cc600000, 0x00000006d1500000, 0x000000076ed00000)
  object space 80896K, 8% used [0x00000006cc600000,0x00000006ccc96c58,0x00000006d1500000)
 Metaspace       used 24455K, capacity 25286K, committed 25600K, reserved 1071104K
  class space    used 3262K, capacity 3469K, committed 3584K, reserved 1048576K
}
Event: 10.966 GC heap before
{Heap before GC invocations=7 (full 1):
 PSYoungGen      total 72704K, used 66696K [0x000000076ed00000, 0x0000000776e80000, 0x00000007c0000000)
  eden space 62464K, 100% used [0x000000076ed00000,0x0000000772a00000,0x0000000772a00000)
  from space 10240K, 41% used [0x0000000772a00000,0x0000000772e22208,0x0000000773400000)
  to   space 9728K, 0% used [0x0000000776500000,0x0000000776500000,0x0000000776e80000)
 ParOldGen       total 80896K, used 6747K [0x00000006cc600000, 0x00000006d1500000, 0x000000076ed00000)
  object space 80896K, 8% used [0x00000006cc600000,0x00000006ccc96c58,0x00000006d1500000)
 Metaspace       used 27037K, capacity 27980K, committed 28160K, reserved 1073152K
  class space    used 3592K, capacity 3822K, committed 3840K, reserved 1048576K
Event: 10.971 GC heap after
Heap after GC invocations=7 (full 1):
 PSYoungGen      total 117760K, used 5207K [0x000000076ed00000, 0x0000000776c00000, 0x00000007c0000000)
  eden space 110592K, 0% used [0x000000076ed00000,0x000000076ed00000,0x0000000775900000)
  from space 7168K, 72% used [0x0000000776500000,0x0000000776a15e30,0x0000000776c00000)
  to   space 9728K, 0% used [0x0000000775900000,0x0000000775900000,0x0000000776280000)
 ParOldGen       total 80896K, used 6755K [0x00000006cc600000, 0x00000006d1500000, 0x000000076ed00000)
  object space 80896K, 8% used [0x00000006cc600000,0x00000006ccc98c58,0x00000006d1500000)
 Metaspace       used 27037K, capacity 27980K, committed 28160K, reserved 1073152K
  class space    used 3592K, capacity 3822K, committed 3840K, reserved 1048576K
}
Event: 11.780 GC heap before
{Heap before GC invocations=8 (full 1):
 PSYoungGen      total 117760K, used 115799K [0x000000076ed00000, 0x0000000776c00000, 0x00000007c0000000)
  eden space 110592K, 100% used [0x000000076ed00000,0x0000000775900000,0x0000000775900000)
  from space 7168K, 72% used [0x0000000776500000,0x0000000776a15e30,0x0000000776c00000)
  to   space 9728K, 0% used [0x0000000775900000,0x0000000775900000,0x0000000776280000)
 ParOldGen       total 80896K, used 6755K [0x00000006cc600000, 0x00000006d1500000, 0x000000076ed00000)
  object space 80896K, 8% used [0x00000006cc600000,0x00000006ccc98c58,0x00000006d1500000)
 Metaspace       used 30153K, capacity 31156K, committed 31488K, reserved 1077248K
  class space    used 4040K, capacity 4272K, committed 4352K, reserved 1048576K
Event: 11.789 GC heap after
Heap after GC invocations=8 (full 1):
 PSYoungGen      total 120320K, used 9712K [0x000000076ed00000, 0x000000077c280000, 0x00000007c0000000)
  eden space 110592K, 0% used [0x000000076ed00000,0x000000076ed00000,0x0000000775900000)
  from space 9728K, 99% used [0x0000000775900000,0x000000077627c3a8,0x0000000776280000)
  to   space 11264K, 0% used [0x000000077b780000,0x000000077b780000,0x000000077c280000)
 ParOldGen       total 80896K, used 7535K [0x00000006cc600000, 0x00000006d1500000, 0x000000076ed00000)
  object space 80896K, 9% used [0x00000006cc600000,0x00000006ccd5bd90,0x00000006d1500000)
 Metaspace       used 30153K, capacity 31156K, committed 31488K, reserved 1077248K
  class space    used 4040K, capacity 4272K, committed 4352K, reserved 1048576K
}

